<?xml version="1.0" encoding="UTF-8"?>
<testsuite xmlns:xsi="http://www.w3.org/2001/XMLSchema-instance" xsi:noNamespaceSchemaLocation="https://maven.apache.org/surefire/maven-surefire-plugin/xsd/surefire-test-report-3.0.xsd" version="3.0" name="runners.TestRunner" time="35.544" tests="1" errors="0" skipped="0" failures="0">
  <properties>
[...]
</properties>
  <testcase name="el usuario entra SDC" classname="Ingreso a TGR" time="34.089">
    <system-out><![CDATA[
Scenario: el usuario entra SDC                                                                  # src/test/resources/features/tgrTest.feature:14
  Given que se navega a la pÃ¡gina "http://intranettest/SistemaGestionNewWeb/index"              # stepdefs.SimpleSteps.navegar_a(java.lang.String)
  When en el elemento "#intra_username" se ingresa el texto "ralvarez"                          # stepdefs.SimpleSteps.escribir_por_selector(java.lang.String,java.lang.String)
  When en el elemento "#textfield2" se ingresa el texto "12345678"                              # stepdefs.SimpleSteps.escribir_por_selector(java.lang.String,java.lang.String)
  When se cliquea el elemento con id "btn1"                                                     # stepdefs.SimpleSteps.click_por_id(java.lang.String)
  And se espera que la pÃ¡gina cargue completamente                                              # stepdefs.SimpleSteps.esperarCargaCompletaPagina()
  When se cliquea el elemento "autenticacion_req" con el texto "Sistema de Clientes"            # stepdefs.SimpleSteps.click_por_class_y_texto(java.lang.String,java.lang.String)
  And se cambia a la pestaÃ±a nÃºmero 2                                                           # stepdefs.SimpleSteps.cambiar_a_pestana(int)
  And se espera que la pÃ¡gina cargue completamente                                              # stepdefs.SimpleSteps.esperarCargaCompletaPagina()
  Then la pÃ¡gina deberÃ­a contener el texto "Bienvenid@ al Sistema de Clientes"                  # stepdefs.SimpleSteps.validar_texto_en_pagina(java.lang.String)
  Given que se cliquea el selector "#estructura > div:nth-child(1) > div:nth-child(1) > a > h5" # stepdefs.SimpleSteps.click_por_css(java.lang.String)
  When en el elemento "#sc_rut" se ingresa el texto "18170016"                                  # stepdefs.SimpleSteps.escribir_por_selector(java.lang.String,java.lang.String)
  When se cliquea el elemento con id "sc_buscar"                                                # stepdefs.SimpleSteps.click_por_id(java.lang.String)
  And se espera 5 segundos                                                                      # stepdefs.SimpleSteps.esperar(int)
  Then la pÃ¡gina deberÃ­a contener el texto "InformaciÃ³n Estado Civil"                           # stepdefs.SimpleSteps.validar_texto_en_pagina(java.lang.String)
]]></system-out>
    <system-err><![CDATA[jun. 27, 2025 7:30:11 P. M. org.openqa.selenium.devtools.CdpVersionFinder findNearestMatch
WARNING: Unable to find CDP implementation matching 138
jun. 27, 2025 7:30:11 P. M. org.openqa.selenium.chromium.ChromiumDriver lambda$new$5
WARNING: Unable to find version of CDP to use for 138.0.7204.50. You may need to include a dependency on a specific version of the CDP using something similar to `org.seleniumhq.selenium:selenium-devtools-v86:4.21.0` where the version ("v86") matches the version of the chromium-based browser you're using and the version number of the artifact is the same as Selenium's.
]]></system-err>
  </testcase>
</testsuite>